# JRE version: Java(TM) SE Runtime Environment (7.0_40-b43) (build 1.7.0_40-b43)
# Java VM: Java HotSpot(TM) Server VM (24.0-b56 mixed mode linux-x86 )
Heap
 PSYoungGen      total 228608K, used 186366K [0xa3940000, 0xb3480000, 0xb3540000)
  eden space 201472K, 82% used [0xa3940000,0xadbb1788,0xafe00000)
  from space 27136K, 73% used [0xafe00000,0xb118e1b0,0xb1880000)
  to   space 26624K, 0% used [0xb1a80000,0xb1a80000,0xb3480000)
 ParOldGen       total 210688K, used 158217K [0x84140000, 0x90f00000, 0xa3940000)
  object space 210688K, 75% used [0x84140000,0x8dbc2628,0x90f00000)
 PSPermGen       total 36096K, used 23670K [0x80140000, 0x82480000, 0x84140000)
  object space 36096K, 65% used [0x80140000,0x8185dab8,0x82480000)
GC Heap History (10 events):
Event: 2886,287 GC heap before
{Heap before GC invocations=148 (full 5):
 PSYoungGen      total 224512K, used 214828K [0xa3940000, 0xb3240000, 0xb3540000)
  eden space 194560K, 100% used [0xa3940000,0xaf740000,0xaf740000)
  from space 29952K, 67% used [0xb1500000,0xb28cb2d0,0xb3240000)
  to   space 30208K, 0% used [0xaf740000,0xaf740000,0xb14c0000)
 ParOldGen       total 210688K, used 149349K [0x84140000, 0x90f00000, 0xa3940000)
  object space 210688K, 70% used [0x84140000,0x8d319628,0x90f00000)
 PSPermGen       total 36096K, used 23670K [0x80140000, 0x82480000, 0x84140000)
  object space 36096K, 65% used [0x80140000,0x8185d8f0,0x82480000)
Event: 2886,377 GC heap after
Heap after GC invocations=148 (full 5):
 PSYoungGen      total 224768K, used 19115K [0xa3940000, 0xb3400000, 0xb3540000)
  eden space 194560K, 0% used [0xa3940000,0xa3940000,0xaf740000)
  from space 30208K, 63% used [0xaf740000,0xb09eafe0,0xb14c0000)
  to   space 29440K, 0% used [0xb1740000,0xb1740000,0xb3400000)
 ParOldGen       total 210688K, used 150973K [0x84140000, 0x90f00000, 0xa3940000)
  object space 210688K, 71% used [0x84140000,0x8d4af628,0x90f00000)
 PSPermGen       total 36096K, used 23670K [0x80140000, 0x82480000, 0x84140000)
  object space 36096K, 65% used [0x80140000,0x8185d8f0,0x82480000)
}
Event: 2902,096 GC heap before
{Heap before GC invocations=149 (full 5):
 PSYoungGen      total 224768K, used 213675K [0xa3940000, 0xb3400000, 0xb3540000)
  eden space 194560K, 100% used [0xa3940000,0xaf740000,0xaf740000)
  from space 30208K, 63% used [0xaf740000,0xb09eafe0,0xb14c0000)
  to   space 29440K, 0% used [0xb1740000,0xb1740000,0xb3400000)
 ParOldGen       total 210688K, used 150973K [0x84140000, 0x90f00000, 0xa3940000)
  object space 210688K, 71% used [0x84140000,0x8d4af628,0x90f00000)
 PSPermGen       total 36096K, used 23670K [0x80140000, 0x82480000, 0x84140000)
  object space 36096K, 65% used [0x80140000,0x8185d970,0x82480000)
Event: 2902,181 GC heap after
Heap after GC invocations=149 (full 5):
 PSYoungGen      total 226816K, used 18852K [0xa3940000, 0xb3300000, 0xb3540000)
  eden space 198400K, 0% used [0xa3940000,0xa3940000,0xafb00000)
  from space 28416K, 66% used [0xb1740000,0xb29a9118,0xb3300000)
  to   space 28672K, 0% used [0xafb00000,0xafb00000,0xb1700000)
 ParOldGen       total 210688K, used 153061K [0x84140000, 0x90f00000, 0xa3940000)
  object space 210688K, 72% used [0x84140000,0x8d6b9628,0x90f00000)
 PSPermGen       total 36096K, used 23670K [0x80140000, 0x82480000, 0x84140000)
  object space 36096K, 65% used [0x80140000,0x8185d970,0x82480000)
}
Event: 2917,317 GC heap before
{Heap before GC invocations=150 (full 5):
 PSYoungGen      total 226816K, used 217252K [0xa3940000, 0xb3300000, 0xb3540000)
  eden space 198400K, 100% used [0xa3940000,0xafb00000,0xafb00000)
  from space 28416K, 66% used [0xb1740000,0xb29a9118,0xb3300000)
  to   space 28672K, 0% used [0xafb00000,0xafb00000,0xb1700000)
 ParOldGen       total 210688K, used 153061K [0x84140000, 0x90f00000, 0xa3940000)
  object space 210688K, 72% used [0x84140000,0x8d6b9628,0x90f00000)
 PSPermGen       total 36096K, used 23670K [0x80140000, 0x82480000, 0x84140000)
  object space 36096K, 65% used [0x80140000,0x8185dab8,0x82480000)
Event: 2917,405 GC heap after
Heap after GC invocations=150 (full 5):
 PSYoungGen      total 227072K, used 19613K [0xa3940000, 0xb3400000, 0xb3540000)
  eden space 198400K, 0% used [0xa3940000,0xa3940000,0xafb00000)
  from space 28672K, 68% used [0xafb00000,0xb0e27680,0xb1700000)
  to   space 27904K, 0% used [0xb18c0000,0xb18c0000,0xb3400000)
 ParOldGen       total 210688K, used 154805K [0x84140000, 0x90f00000, 0xa3940000)
  object space 210688K, 73% used [0x84140000,0x8d86d628,0x90f00000)
 PSPermGen       total 36096K, used 23670K [0x80140000, 0x82480000, 0x84140000)
  object space 36096K, 65% used [0x80140000,0x8185dab8,0x82480000)
}
Event: 2932,898 GC heap before
{Heap before GC invocations=151 (full 5):
 PSYoungGen      total 227072K, used 218013K [0xa3940000, 0xb3400000, 0xb3540000)
  eden space 198400K, 100% used [0xa3940000,0xafb00000,0xafb00000)
  from space 28672K, 68% used [0xafb00000,0xb0e27680,0xb1700000)
  to   space 27904K, 0% used [0xb18c0000,0xb18c0000,0xb3400000)
 ParOldGen       total 210688K, used 154805K [0x84140000, 0x90f00000, 0xa3940000)
  object space 210688K, 73% used [0x84140000,0x8d86d628,0x90f00000)
 PSPermGen       total 36096K, used 23670K [0x80140000, 0x82480000, 0x84140000)
  object space 36096K, 65% used [0x80140000,0x8185dab8,0x82480000)
Event: 2932,982 GC heap after
Heap after GC invocations=151 (full 5):
 PSYoungGen      total 228352K, used 19237K [0xa3940000, 0xb3300000, 0xb3540000)
  eden space 201472K, 0% used [0xa3940000,0xa3940000,0xafe00000)
  from space 26880K, 71% used [0xb18c0000,0xb2b89468,0xb3300000)
  to   space 27136K, 0% used [0xafe00000,0xafe00000,0xb1880000)
 ParOldGen       total 210688K, used 156985K [0x84140000, 0x90f00000, 0xa3940000)
  object space 210688K, 74% used [0x84140000,0x8da8e628,0x90f00000)
 PSPermGen       total 36096K, used 23670K [0x80140000, 0x82480000, 0x84140000)
  object space 36096K, 65% used [0x80140000,0x8185dab8,0x82480000)
}
Event: 2949,922 GC heap before
{Heap before GC invocations=152 (full 5):
 PSYoungGen      total 228352K, used 220709K [0xa3940000, 0xb3300000, 0xb3540000)
  eden space 201472K, 100% used [0xa3940000,0xafe00000,0xafe00000)
  from space 26880K, 71% used [0xb18c0000,0xb2b89468,0xb3300000)
  to   space 27136K, 0% used [0xafe00000,0xafe00000,0xb1880000)
 ParOldGen       total 210688K, used 156985K [0x84140000, 0x90f00000, 0xa3940000)
  object space 210688K, 74% used [0x84140000,0x8da8e628,0x90f00000)
 PSPermGen       total 36096K, used 23670K [0x80140000, 0x82480000, 0x84140000)
  object space 36096K, 65% used [0x80140000,0x8185dab8,0x82480000)
Event: 2950,011 GC heap after
Heap after GC invocations=152 (full 5):
 PSYoungGen      total 228608K, used 20024K [0xa3940000, 0xb3480000, 0xb3540000)
  eden space 201472K, 0% used [0xa3940000,0xa3940000,0xafe00000)
  from space 27136K, 73% used [0xafe00000,0xb118e1b0,0xb1880000)
  to   space 26624K, 0% used [0xb1a80000,0xb1a80000,0xb3480000)
 ParOldGen       total 210688K, used 158217K [0x84140000, 0x90f00000, 0xa3940000)
  object space 210688K, 75% used [0x84140000,0x8dbc2628,0x90f00000)
 PSPermGen       total 36096K, used 23670K [0x80140000, 0x82480000, 0x84140000)
  object space 36096K, 65% used [0x80140000,0x8185dab8,0x82480000)
}

