# JRE version: 7.0_25-b15
# Java VM: Java HotSpot(TM) Server VM (23.25-b01 mixed mode linux-x86 )
Heap
 PSYoungGen      total 210112K, used 94671K [0x9f3a0000, 0xb3640000, 0xb3640000)
  eden space 110208K, 85% used [0x9f3a0000,0xa5013f18,0xa5f40000)
  from space 99904K, 0% used [0xad4b0000,0xad4b0000,0xb3640000)
  to   space 110080K, 0% used [0xa5f40000,0xa5f40000,0xacac0000)
 ParOldGen       total 452992K, used 452991K [0x76e40000, 0x928a0000, 0x9f3a0000)
  object space 452992K, 99% used [0x76e40000,0x9289ffa8,0x928a0000)
 PSPermGen       total 45312K, used 31777K [0x72e40000, 0x75a80000, 0x76e40000)
  object space 45312K, 70% used [0x72e40000,0x74d48578,0x75a80000)
GC Heap History (10 events):
Event: 1099,264 GC heap before
{Heap before GC invocations=85 (full 7):
 PSYoungGen      total 207040K, used 207029K [0x9f3a0000, 0xb2070000, 0xb3640000)
  eden space 149440K, 100% used [0x9f3a0000,0xa8590000,0xa8590000)
  from space 57600K, 99% used [0xa8590000,0xabdcd778,0xabdd0000)
  to   space 77568K, 0% used [0xad4b0000,0xad4b0000,0xb2070000)
 ParOldGen       total 452992K, used 376818K [0x76e40000, 0x928a0000, 0x9f3a0000)
  object space 452992K, 83% used [0x76e40000,0x8de3c8b8,0x928a0000)
 PSPermGen       total 47616K, used 31773K [0x72e40000, 0x75cc0000, 0x76e40000)
  object space 47616K, 66% used [0x72e40000,0x74d476b0,0x75cc0000)
Event: 1099,526 GC heap after
Heap after GC invocations=85 (full 7):
 PSYoungGen      total 209600K, used 77552K [0x9f3a0000, 0xb3640000, 0xb3640000)
  eden space 132032K, 0% used [0x9f3a0000,0x9f3a0000,0xa7490000)
  from space 77568K, 99% used [0xad4b0000,0xb206c288,0xb2070000)
  to   space 98432K, 0% used [0xa7490000,0xa7490000,0xad4b0000)
 ParOldGen       total 452992K, used 390148K [0x76e40000, 0x928a0000, 0x9f3a0000)
  object space 452992K, 86% used [0x76e40000,0x8eb41298,0x928a0000)
 PSPermGen       total 47616K, used 31773K [0x72e40000, 0x75cc0000, 0x76e40000)
  object space 47616K, 66% used [0x72e40000,0x74d476b0,0x75cc0000)
}
Event: 1104,085 GC heap before
{Heap before GC invocations=86 (full 7):
 PSYoungGen      total 209600K, used 209584K [0x9f3a0000, 0xb3640000, 0xb3640000)
  eden space 132032K, 100% used [0x9f3a0000,0xa7490000,0xa7490000)
  from space 77568K, 99% used [0xad4b0000,0xb206c288,0xb2070000)
  to   space 98432K, 0% used [0xa7490000,0xa7490000,0xad4b0000)
 ParOldGen       total 452992K, used 390148K [0x76e40000, 0x928a0000, 0x9f3a0000)
  object space 452992K, 86% used [0x76e40000,0x8eb41298,0x928a0000)
 PSPermGen       total 47616K, used 31774K [0x72e40000, 0x75cc0000, 0x76e40000)
  object space 47616K, 66% used [0x72e40000,0x74d47a10,0x75cc0000)
Event: 1104,337 GC heap after
Heap after GC invocations=86 (full 7):
 PSYoungGen      total 230464K, used 98425K [0x9f3a0000, 0xb3640000, 0xb3640000)
  eden space 132032K, 0% used [0x9f3a0000,0x9f3a0000,0xa7490000)
  from space 98432K, 99% used [0xa7490000,0xad4ae5e8,0xad4b0000)
  to   space 99904K, 0% used [0xad4b0000,0xad4b0000,0xb3640000)
 ParOldGen       total 452992K, used 398216K [0x76e40000, 0x928a0000, 0x9f3a0000)
  object space 452992K, 87% used [0x76e40000,0x8f322298,0x928a0000)
 PSPermGen       total 47616K, used 31774K [0x72e40000, 0x75cc0000, 0x76e40000)
  object space 47616K, 66% used [0x72e40000,0x74d47a10,0x75cc0000)
}
Event: 1106,956 GC heap before
{Heap before GC invocations=87 (full 7):
 PSYoungGen      total 230464K, used 230457K [0x9f3a0000, 0xb3640000, 0xb3640000)
  eden space 132032K, 100% used [0x9f3a0000,0xa7490000,0xa7490000)
  from space 98432K, 99% used [0xa7490000,0xad4ae5e8,0xad4b0000)
  to   space 99904K, 0% used [0xad4b0000,0xad4b0000,0xb3640000)
 ParOldGen       total 452992K, used 398216K [0x76e40000, 0x928a0000, 0x9f3a0000)
  object space 452992K, 87% used [0x76e40000,0x8f322298,0x928a0000)
 PSPermGen       total 47616K, used 31775K [0x72e40000, 0x75cc0000, 0x76e40000)
  object space 47616K, 66% used [0x72e40000,0x74d47ea0,0x75cc0000)
Event: 1107,388 GC heap after
Heap after GC invocations=87 (full 7):
 PSYoungGen      total 210112K, used 99888K [0x9f3a0000, 0xb3640000, 0xb3640000)
  eden space 110208K, 0% used [0x9f3a0000,0x9f3a0000,0xa5f40000)
  from space 99904K, 99% used [0xad4b0000,0xb363c388,0xb3640000)
  to   space 110080K, 0% used [0xa5f40000,0xa5f40000,0xacac0000)
 ParOldGen       total 452992K, used 426604K [0x76e40000, 0x928a0000, 0x9f3a0000)
  object space 452992K, 94% used [0x76e40000,0x90edb098,0x928a0000)
 PSPermGen       total 47616K, used 31775K [0x72e40000, 0x75cc0000, 0x76e40000)
  object space 47616K, 66% used [0x72e40000,0x74d47ea0,0x75cc0000)
}
Event: 1107,388 GC heap before
{Heap before GC invocations=88 (full 8):
 PSYoungGen      total 210112K, used 99888K [0x9f3a0000, 0xb3640000, 0xb3640000)
  eden space 110208K, 0% used [0x9f3a0000,0x9f3a0000,0xa5f40000)
  from space 99904K, 99% used [0xad4b0000,0xb363c388,0xb3640000)
  to   space 110080K, 0% used [0xa5f40000,0xa5f40000,0xacac0000)
 ParOldGen       total 452992K, used 426604K [0x76e40000, 0x928a0000, 0x9f3a0000)
  object space 452992K, 94% used [0x76e40000,0x90edb098,0x928a0000)
 PSPermGen       total 47616K, used 31775K [0x72e40000, 0x75cc0000, 0x76e40000)
  object space 47616K, 66% used [0x72e40000,0x74d47ea0,0x75cc0000)
Event: 1111,796 GC heap after
Heap after GC invocations=88 (full 8):
 PSYoungGen      total 210112K, used 68396K [0x9f3a0000, 0xb3640000, 0xb3640000)
  eden space 110208K, 0% used [0x9f3a0000,0x9f3a0000,0xa5f40000)
  from space 99904K, 68% used [0xad4b0000,0xb177b098,0xb3640000)
  to   space 110080K, 0% used [0xa5f40000,0xa5f40000,0xacac0000)
 ParOldGen       total 452992K, used 452990K [0x76e40000, 0x928a0000, 0x9f3a0000)
  object space 452992K, 99% used [0x76e40000,0x9289fb98,0x928a0000)
 PSPermGen       total 46848K, used 31774K [0x72e40000, 0x75c00000, 0x76e40000)
  object space 46848K, 67% used [0x72e40000,0x74d478a0,0x75c00000)
}
Event: 1206,487 GC heap before
{Heap before GC invocations=89 (full 9):
 PSYoungGen      total 210112K, used 178604K [0x9f3a0000, 0xb3640000, 0xb3640000)
  eden space 110208K, 100% used [0x9f3a0000,0xa5f40000,0xa5f40000)
  from space 99904K, 68% used [0xad4b0000,0xb177b098,0xb3640000)
  to   space 110080K, 0% used [0xa5f40000,0xa5f40000,0xacac0000)
 ParOldGen       total 452992K, used 452990K [0x76e40000, 0x928a0000, 0x9f3a0000)
  object space 452992K, 99% used [0x76e40000,0x9289fb98,0x928a0000)
 PSPermGen       total 46848K, used 31777K [0x72e40000, 0x75c00000, 0x76e40000)
  object space 46848K, 67% used [0x72e40000,0x74d48578,0x75c00000)
Event: 1213,428 GC heap after
Heap after GC invocations=89 (full 9):
 PSYoungGen      total 210112K, used 92149K [0x9f3a0000, 0xb3640000, 0xb3640000)
  eden space 110208K, 83% used [0x9f3a0000,0xa4d9d720,0xa5f40000)
  from space 99904K, 0% used [0xad4b0000,0xad4b0000,0xb3640000)
  to   space 110080K, 0% used [0xa5f40000,0xa5f40000,0xacac0000)
 ParOldGen       total 452992K, used 452991K [0x76e40000, 0x928a0000, 0x9f3a0000)
  object space 452992K, 99% used [0x76e40000,0x9289ffa8,0x928a0000)
 PSPermGen       total 45312K, used 31777K [0x72e40000, 0x75a80000, 0x76e40000)
  object space 45312K, 70% used [0x72e40000,0x74d48578,0x75a80000)
}

