# JRE version: 7.0_25-b15
# Java VM: Java HotSpot(TM) Server VM (23.25-b01 mixed mode linux-x86 )
Heap
 PSYoungGen      total 289408K, used 215207K [0x9f320000, 0xb3460000, 0xb35c0000)
  eden space 280064K, 73% used [0x9f320000,0xabc35e18,0xb04a0000)
  from space 9344K, 99% used [0xb04a0000,0xb0db4010,0xb0dc0000)
  to   space 24448K, 0% used [0xb1c80000,0xb1c80000,0xb3460000)
 ParOldGen       total 86400K, used 69254K [0x76dc0000, 0x7c220000, 0x9f320000)
  object space 86400K, 80% used [0x76dc0000,0x7b161ad8,0x7c220000)
 PSPermGen       total 37888K, used 22750K [0x72dc0000, 0x752c0000, 0x76dc0000)
  object space 37888K, 60% used [0x72dc0000,0x743f7888,0x752c0000)
GC Heap History (10 events):
Event: 437,076 GC heap before
{Heap before GC invocations=324 (full 3):
 PSYoungGen      total 305600K, used 295360K [0x9f320000, 0xb3510000, 0xb35c0000)
  eden space 281152K, 100% used [0x9f320000,0xb05b0000,0xb05b0000)
  from space 24448K, 58% used [0xb1d30000,0xb2b10070,0xb3510000)
  to   space 24064K, 0% used [0xb05b0000,0xb05b0000,0xb1d30000)
 ParOldGen       total 86400K, used 69230K [0x76dc0000, 0x7c220000, 0x9f320000)
  object space 86400K, 80% used [0x76dc0000,0x7b15bad8,0x7c220000)
 PSPermGen       total 37888K, used 22700K [0x72dc0000, 0x752c0000, 0x76dc0000)
  object space 37888K, 59% used [0x72dc0000,0x743eb180,0x752c0000)
Event: 437,098 GC heap after
Heap after GC invocations=324 (full 3):
 PSYoungGen      total 305216K, used 10936K [0x9f320000, 0xb3480000, 0xb35c0000)
  eden space 281152K, 0% used [0x9f320000,0x9f320000,0xb05b0000)
  from space 24064K, 45% used [0xb05b0000,0xb105e030,0xb1d30000)
  to   space 23616K, 0% used [0xb1d70000,0xb1d70000,0xb3480000)
 ParOldGen       total 86400K, used 69238K [0x76dc0000, 0x7c220000, 0x9f320000)
  object space 86400K, 80% used [0x76dc0000,0x7b15dad8,0x7c220000)
 PSPermGen       total 37888K, used 22700K [0x72dc0000, 0x752c0000, 0x76dc0000)
  object space 37888K, 59% used [0x72dc0000,0x743eb180,0x752c0000)
}
Event: 438,254 GC heap before
{Heap before GC invocations=325 (full 3):
 PSYoungGen      total 305216K, used 292088K [0x9f320000, 0xb3480000, 0xb35c0000)
  eden space 281152K, 100% used [0x9f320000,0xb05b0000,0xb05b0000)
  from space 24064K, 45% used [0xb05b0000,0xb105e030,0xb1d30000)
  to   space 23616K, 0% used [0xb1d70000,0xb1d70000,0xb3480000)
 ParOldGen       total 86400K, used 69238K [0x76dc0000, 0x7c220000, 0x9f320000)
  object space 86400K, 80% used [0x76dc0000,0x7b15dad8,0x7c220000)
 PSPermGen       total 37888K, used 22700K [0x72dc0000, 0x752c0000, 0x76dc0000)
  object space 37888K, 59% used [0x72dc0000,0x743eb180,0x752c0000)
Event: 438,270 GC heap after
Heap after GC invocations=325 (full 3):
 PSYoungGen      total 305728K, used 9544K [0x9f320000, 0xb34d0000, 0xb35c0000)
  eden space 282112K, 0% used [0x9f320000,0x9f320000,0xb06a0000)
  from space 23616K, 40% used [0xb1d70000,0xb26c2030,0xb3480000)
  to   space 23360K, 0% used [0xb06a0000,0xb06a0000,0xb1d70000)
 ParOldGen       total 86400K, used 69242K [0x76dc0000, 0x7c220000, 0x9f320000)
  object space 86400K, 80% used [0x76dc0000,0x7b15ead8,0x7c220000)
 PSPermGen       total 37888K, used 22700K [0x72dc0000, 0x752c0000, 0x76dc0000)
  object space 37888K, 59% used [0x72dc0000,0x743eb180,0x752c0000)
}
Event: 439,019 GC heap before
{Heap before GC invocations=326 (full 3):
 PSYoungGen      total 305728K, used 291656K [0x9f320000, 0xb34d0000, 0xb35c0000)
  eden space 282112K, 100% used [0x9f320000,0xb06a0000,0xb06a0000)
  from space 23616K, 40% used [0xb1d70000,0xb26c2030,0xb3480000)
  to   space 23360K, 0% used [0xb06a0000,0xb06a0000,0xb1d70000)
 ParOldGen       total 86400K, used 69242K [0x76dc0000, 0x7c220000, 0x9f320000)
  object space 86400K, 80% used [0x76dc0000,0x7b15ead8,0x7c220000)
 PSPermGen       total 37888K, used 22700K [0x72dc0000, 0x752c0000, 0x76dc0000)
  object space 37888K, 59% used [0x72dc0000,0x743eb180,0x752c0000)
Event: 439,055 GC heap after
Heap after GC invocations=326 (full 3):
 PSYoungGen      total 304512K, used 22344K [0x9f320000, 0xb35c0000, 0xb35c0000)
  eden space 282112K, 0% used [0x9f320000,0x9f320000,0xb06a0000)
  from space 22400K, 99% used [0xb06a0000,0xb1c720f0,0xb1c80000)
  to   space 25664K, 0% used [0xb1cb0000,0xb1cb0000,0xb35c0000)
 ParOldGen       total 86400K, used 69246K [0x76dc0000, 0x7c220000, 0x9f320000)
  object space 86400K, 80% used [0x76dc0000,0x7b15fad8,0x7c220000)
 PSPermGen       total 37888K, used 22700K [0x72dc0000, 0x752c0000, 0x76dc0000)
  object space 37888K, 59% used [0x72dc0000,0x743eb180,0x752c0000)
}
Event: 440,074 GC heap before
{Heap before GC invocations=327 (full 3):
 PSYoungGen      total 304512K, used 304456K [0x9f320000, 0xb35c0000, 0xb35c0000)
  eden space 282112K, 100% used [0x9f320000,0xb06a0000,0xb06a0000)
  from space 22400K, 99% used [0xb06a0000,0xb1c720f0,0xb1c80000)
  to   space 25664K, 0% used [0xb1cb0000,0xb1cb0000,0xb35c0000)
 ParOldGen       total 86400K, used 69246K [0x76dc0000, 0x7c220000, 0x9f320000)
  object space 86400K, 80% used [0x76dc0000,0x7b15fad8,0x7c220000)
 PSPermGen       total 37888K, used 22700K [0x72dc0000, 0x752c0000, 0x76dc0000)
  object space 37888K, 59% used [0x72dc0000,0x743eb180,0x752c0000)
Event: 440,096 GC heap after
Heap after GC invocations=327 (full 3):
 PSYoungGen      total 305728K, used 13728K [0x9f320000, 0xb35c0000, 0xb35c0000)
  eden space 280064K, 0% used [0x9f320000,0x9f320000,0xb04a0000)
  from space 25664K, 53% used [0xb1cb0000,0xb2a18070,0xb35c0000)
  to   space 24640K, 0% used [0xb04a0000,0xb04a0000,0xb1cb0000)
 ParOldGen       total 86400K, used 69250K [0x76dc0000, 0x7c220000, 0x9f320000)
  object space 86400K, 80% used [0x76dc0000,0x7b160ad8,0x7c220000)
 PSPermGen       total 37888K, used 22700K [0x72dc0000, 0x752c0000, 0x76dc0000)
  object space 37888K, 59% used [0x72dc0000,0x743eb180,0x752c0000)
}
Event: 441,446 GC heap before
{Heap before GC invocations=328 (full 3):
 PSYoungGen      total 305728K, used 293792K [0x9f320000, 0xb35c0000, 0xb35c0000)
  eden space 280064K, 100% used [0x9f320000,0xb04a0000,0xb04a0000)
  from space 25664K, 53% used [0xb1cb0000,0xb2a18070,0xb35c0000)
  to   space 24640K, 0% used [0xb04a0000,0xb04a0000,0xb1cb0000)
 ParOldGen       total 86400K, used 69250K [0x76dc0000, 0x7c220000, 0x9f320000)
  object space 86400K, 80% used [0x76dc0000,0x7b160ad8,0x7c220000)
 PSPermGen       total 37888K, used 22700K [0x72dc0000, 0x752c0000, 0x76dc0000)
  object space 37888K, 59% used [0x72dc0000,0x743eb180,0x752c0000)
Event: 441,462 GC heap after
Heap after GC invocations=328 (full 3):
 PSYoungGen      total 289408K, used 9296K [0x9f320000, 0xb3460000, 0xb35c0000)
  eden space 280064K, 0% used [0x9f320000,0x9f320000,0xb04a0000)
  from space 9344K, 99% used [0xb04a0000,0xb0db4010,0xb0dc0000)
  to   space 24448K, 0% used [0xb1c80000,0xb1c80000,0xb3460000)
 ParOldGen       total 86400K, used 69254K [0x76dc0000, 0x7c220000, 0x9f320000)
  object space 86400K, 80% used [0x76dc0000,0x7b161ad8,0x7c220000)
 PSPermGen       total 37888K, used 22700K [0x72dc0000, 0x752c0000, 0x76dc0000)
  object space 37888K, 59% used [0x72dc0000,0x743eb180,0x752c0000)
}

