# JRE version: Java(TM) SE Runtime Environment (8.0_91-b14) (build 1.8.0_91-b14)
# Java VM: Java HotSpot(TM) Server VM (25.91-b14 mixed mode linux-x86 )
Heap:
 PSYoungGen      total 589056K, used 0K [0x79d80000, 0xa3e40000, 0xa4800000)
  eden space 504064K, 0% used [0x79d80000,0x79d80000,0x989c0000)
  from space 84992K, 0% used [0x9eb40000,0x9eb40000,0xa3e40000)
  to   space 92416K, 0% used [0x989c0000,0x989c0000,0x9e400000)
 ParOldGen       total 1106688K, used 1075159K [0x24800000, 0x680c0000, 0x79d80000)
  object space 1106688K, 97% used [0x24800000,0x661f5cd0,0x680c0000)
 Metaspace       used 4057K, capacity 4108K, committed 4120K, reserved 4400K
GC Heap History (10 events):
Event: 116,020 GC heap after
Heap after GC invocations=451 (full 15):
 PSYoungGen      total 605696K, used 33760K [0x79d80000, 0xa3ec0000, 0xa4800000)
  eden space 535296K, 0% used [0x79d80000,0x79d80000,0x9a840000)
  from space 70400K, 47% used [0x9fa00000,0xa1af8000,0xa3ec0000)
  to   space 77056K, 0% used [0x9a840000,0x9a840000,0x9f380000)
 ParOldGen       total 1106688K, used 913329K [0x24800000, 0x680c0000, 0x79d80000)
  object space 1106688K, 82% used [0x24800000,0x5c3ec7f0,0x680c0000)
 Metaspace       used 4057K, capacity 4108K, committed 4120K, reserved 4400K
}
Event: 116,313 GC heap before
{Heap before GC invocations=452 (full 15):
 PSYoungGen      total 605696K, used 569056K [0x79d80000, 0xa3ec0000, 0xa4800000)
  eden space 535296K, 100% used [0x79d80000,0x9a840000,0x9a840000)
  from space 70400K, 47% used [0x9fa00000,0xa1af8000,0xa3ec0000)
  to   space 77056K, 0% used [0x9a840000,0x9a840000,0x9f380000)
 ParOldGen       total 1106688K, used 913329K [0x24800000, 0x680c0000, 0x79d80000)
  object space 1106688K, 82% used [0x24800000,0x5c3ec7f0,0x680c0000)
 Metaspace       used 4057K, capacity 4108K, committed 4120K, reserved 4400K
Event: 116,360 GC heap after
Heap after GC invocations=452 (full 15):
 PSYoungGen      total 612352K, used 66160K [0x79d80000, 0xa4800000, 0xa4800000)
  eden space 535296K, 0% used [0x79d80000,0x79d80000,0x9a840000)
  from space 77056K, 85% used [0x9a840000,0x9e8dc000,0x9f380000)
  to   space 83200K, 0% used [0x9f6c0000,0x9f6c0000,0xa4800000)
 ParOldGen       total 1106688K, used 913329K [0x24800000, 0x680c0000, 0x79d80000)
  object space 1106688K, 82% used [0x24800000,0x5c3ec7f0,0x680c0000)
 Metaspace       used 4057K, capacity 4108K, committed 4120K, reserved 4400K
}
Event: 116,609 GC heap before
{Heap before GC invocations=453 (full 15):
 PSYoungGen      total 612352K, used 601456K [0x79d80000, 0xa4800000, 0xa4800000)
  eden space 535296K, 100% used [0x79d80000,0x9a840000,0x9a840000)
  from space 77056K, 85% used [0x9a840000,0x9e8dc000,0x9f380000)
  to   space 83200K, 0% used [0x9f6c0000,0x9f6c0000,0xa4800000)
 ParOldGen       total 1106688K, used 913329K [0x24800000, 0x680c0000, 0x79d80000)
  object space 1106688K, 82% used [0x24800000,0x5c3ec7f0,0x680c0000)
 Metaspace       used 4057K, capacity 4108K, committed 4120K, reserved 4400K
Event: 116,681 GC heap after
Heap after GC invocations=453 (full 15):
 PSYoungGen      total 582400K, used 83200K [0x79d80000, 0xa4800000, 0xa4800000)
  eden space 499200K, 0% used [0x79d80000,0x79d80000,0x98500000)
  from space 83200K, 100% used [0x9f6c0000,0xa4800000,0xa4800000)
  to   space 99840K, 0% used [0x98500000,0x98500000,0x9e680000)
 ParOldGen       total 1106688K, used 928785K [0x24800000, 0x680c0000, 0x79d80000)
  object space 1106688K, 83% used [0x24800000,0x5d3047f0,0x680c0000)
 Metaspace       used 4057K, capacity 4108K, committed 4120K, reserved 4400K
}
Event: 116,917 GC heap before
{Heap before GC invocations=454 (full 15):
 PSYoungGen      total 582400K, used 582400K [0x79d80000, 0xa4800000, 0xa4800000)
  eden space 499200K, 100% used [0x79d80000,0x98500000,0x98500000)
  from space 83200K, 100% used [0x9f6c0000,0xa4800000,0xa4800000)
  to   space 99840K, 0% used [0x98500000,0x98500000,0x9e680000)
 ParOldGen       total 1106688K, used 928785K [0x24800000, 0x680c0000, 0x79d80000)
  object space 1106688K, 83% used [0x24800000,0x5d3047f0,0x680c0000)
 Metaspace       used 4057K, capacity 4108K, committed 4120K, reserved 4400K
Event: 118,453 GC heap after
Heap after GC invocations=454 (full 15):
 PSYoungGen      total 599040K, used 48368K [0x79d80000, 0xa4800000, 0xa4800000)
  eden space 499200K, 0% used [0x79d80000,0x79d80000,0x98500000)
  from space 99840K, 48% used [0x98500000,0x9b43c000,0x9e680000)
  to   space 94976K, 0% used [0x9eb40000,0x9eb40000,0xa4800000)
 ParOldGen       total 1106688K, used 1004665K [0x24800000, 0x680c0000, 0x79d80000)
  object space 1106688K, 90% used [0x24800000,0x61d1e7f0,0x680c0000)
 Metaspace       used 4057K, capacity 4108K, committed 4120K, reserved 4400K
}
Event: 118,684 GC heap before
{Heap before GC invocations=455 (full 15):
 PSYoungGen      total 599040K, used 547568K [0x79d80000, 0xa4800000, 0xa4800000)
  eden space 499200K, 100% used [0x79d80000,0x98500000,0x98500000)
  from space 99840K, 48% used [0x98500000,0x9b43c000,0x9e680000)
  to   space 94976K, 0% used [0x9eb40000,0x9eb40000,0xa4800000)
 ParOldGen       total 1106688K, used 1004665K [0x24800000, 0x680c0000, 0x79d80000)
  object space 1106688K, 90% used [0x24800000,0x61d1e7f0,0x680c0000)
 Metaspace       used 4057K, capacity 4108K, committed 4120K, reserved 4400K
Event: 126,313 GC heap after
Heap after GC invocations=455 (full 15):
 PSYoungGen      total 589056K, used 35072K [0x79d80000, 0xa3e40000, 0xa4800000)
  eden space 504064K, 0% used [0x79d80000,0x79d80000,0x989c0000)
  from space 84992K, 41% used [0x9eb40000,0xa0d80000,0xa3e40000)
  to   space 92416K, 0% used [0x989c0000,0x989c0000,0x9e400000)
 ParOldGen       total 1106688K, used 1060269K [0x24800000, 0x680c0000, 0x79d80000)
  object space 1106688K, 95% used [0x24800000,0x6536b7f0,0x680c0000)
 Metaspace       used 4057K, capacity 4108K, committed 4120K, reserved 4400K
}
Event: 126,313 GC heap before
{Heap before GC invocations=456 (full 16):
 PSYoungGen      total 589056K, used 35072K [0x79d80000, 0xa3e40000, 0xa4800000)
  eden space 504064K, 0% used [0x79d80000,0x79d80000,0x989c0000)
  from space 84992K, 41% used [0x9eb40000,0xa0d80000,0xa3e40000)
  to   space 92416K, 0% used [0x989c0000,0x989c0000,0x9e400000)
 ParOldGen       total 1106688K, used 1060269K [0x24800000, 0x680c0000, 0x79d80000)
  object space 1106688K, 95% used [0x24800000,0x6536b7f0,0x680c0000)
 Metaspace       used 4057K, capacity 4108K, committed 4120K, reserved 4400K

